Assembler report for vga_driver_memory_double_buf
Thu Oct 31 11:47:54 2024
Quartus Prime Version 23.1std.1 Build 993 05/14/2024 SC Lite Edition


---------------------
; Table of Contents ;
---------------------
  1. Legal Notice
  2. Assembler Summary
  3. Assembler Settings
  4. Assembler Generated Files
  5. Assembler Device Options: H:/TEACHING/ECE_287/FALL_2024/LABS/FALL_12_LABS_DE1_SOC/VGA_ON_DE1_SOC_from_last_years/vga_driver_memory_double_buf/output_files/vga_driver_memory_double_buf.sof
  6. Assembler Messages



----------------
; Legal Notice ;
----------------
Copyright (C) 2024  Intel Corporation. All rights reserved.
Your use of Intel Corporation's design tools, logic functions 
and other software and tools, and any partner logic 
functions, and any output files from any of the foregoing 
(including device programming or simulation files), and any 
associated documentation or information are expressly subject 
to the terms and conditions of the Intel Program License 
Subscription Agreement, the Intel Quartus Prime License Agreement,
the Intel FPGA IP License Agreement, or other applicable license
agreement, including, without limitation, that your use is for
the sole purpose of programming logic devices manufactured by
Intel and sold by Intel or its authorized distributors.  Please
refer to the applicable agreement for further details, at
https://fpgasoftware.intel.com/eula.



+---------------------------------------------------------------+
; Assembler Summary                                             ;
+-----------------------+---------------------------------------+
; Assembler Status      ; Successful - Thu Oct 31 11:47:54 2024 ;
; Revision Name         ; vga_driver_memory_double_buf          ;
; Top-level Entity Name ; vga_driver_memory_double_buf          ;
; Family                ; Cyclone V                             ;
; Device                ; 5CSEMA5F31C6                          ;
+-----------------------+---------------------------------------+


+----------------------------------+
; Assembler Settings               ;
+--------+---------+---------------+
; Option ; Setting ; Default Value ;
+--------+---------+---------------+


+-------------------------------------------------------------------------------------------------------------------------------------------------------------------+
; Assembler Generated Files                                                                                                                                         ;
+-------------------------------------------------------------------------------------------------------------------------------------------------------------------+
; File Name                                                                                                                                                         ;
+-------------------------------------------------------------------------------------------------------------------------------------------------------------------+
; H:/TEACHING/ECE_287/FALL_2024/LABS/FALL_12_LABS_DE1_SOC/VGA_ON_DE1_SOC_from_last_years/vga_driver_memory_double_buf/output_files/vga_driver_memory_double_buf.sof ;
+-------------------------------------------------------------------------------------------------------------------------------------------------------------------+


+---------------------------------------------------------------------------------------------------------------------------------------------------------------------------------------------+
; Assembler Device Options: H:/TEACHING/ECE_287/FALL_2024/LABS/FALL_12_LABS_DE1_SOC/VGA_ON_DE1_SOC_from_last_years/vga_driver_memory_double_buf/output_files/vga_driver_memory_double_buf.sof ;
+----------------+----------------------------------------------------------------------------------------------------------------------------------------------------------------------------+
; Option         ; Setting                                                                                                                                                                    ;
+----------------+----------------------------------------------------------------------------------------------------------------------------------------------------------------------------+
; JTAG usercode  ; 0x03912E6F                                                                                                                                                                 ;
; Checksum       ; 0x03912E6F                                                                                                                                                                 ;
+----------------+----------------------------------------------------------------------------------------------------------------------------------------------------------------------------+


+--------------------+
; Assembler Messages ;
+--------------------+
Info: *******************************************************************
Info: Running Quartus Prime Assembler
    Info: Version 23.1std.1 Build 993 05/14/2024 SC Lite Edition
    Info: Processing started: Thu Oct 31 11:47:49 2024
Info: Command: quartus_asm --read_settings_files=off --write_settings_files=off vga_driver_memory_double_buf -c vga_driver_memory_double_buf
Info (115030): Assembler is generating device programming files
Info: Quartus Prime Assembler was successful. 0 errors, 0 warnings
    Info: Peak virtual memory: 4886 megabytes
    Info: Processing ended: Thu Oct 31 11:47:54 2024
    Info: Elapsed time: 00:00:05
    Info: Total CPU time (on all processors): 00:00:03


